<?xml version="1.0" encoding="UTF-8"?>
<!-- Generated by org.testng.reporters.JUnitXMLReporter -->
<testsuite ignored="0" hostname="DESKTOP-G34M644" failures="0" tests="3" name="Test2" time="144.996" errors="0" timestamp="2025-07-23T22:00:06 IST">
  <testcase classname="TestCases.TestCase_001" name="verify_accountRegistration" time="11.279"/>
  <testcase classname="TestCases.LoginTestCase__002" name="LoginAccount" time="21.222"/>
  <testcase classname="TestCases.SearchProduct_004" name="OrderOneProduct" time="64.737"/>
</testsuite> <!-- Test2 -->
