<?xml version="1.0" encoding="UTF-8"?>
<!-- Generated by org.testng.reporters.JUnitXMLReporter -->
<testsuite ignored="0" hostname="DESKTOP-G34M644" failures="0" tests="17" name="Test1" time="184.023" errors="0" timestamp="2025-07-13T02:57:03 IST">
  <testcase classname="TestCases.TestCase_001" name="verify_accountRegistration" time="14.18"/>
  <testcase classname="TestCases.LoginTestCase__002" name="LoginAccount" time="9.294"/>
  <testcase classname="TestCases.Login_DDT_003" name="verfiy_Login_DDT" time="10.804"/>
  <testcase classname="TestCases.Login_DDT_003" name="verfiy_Login_DDT" time="8.087"/>
  <testcase classname="TestCases.Login_DDT_003" name="verfiy_Login_DDT" time="6.645"/>
  <testcase classname="TestCases.Login_DDT_003" name="verfiy_Login_DDT" time="7.922"/>
  <testcase classname="TestCases.Login_DDT_003" name="verfiy_Login_DDT" time="6.006"/>
  <testcase classname="TestCases.Login_DDT_003" name="verfiy_Login_DDT" time="7.548"/>
  <testcase classname="TestCases.Login_DDT_003" name="verfiy_Login_DDT" time="6.586"/>
  <testcase classname="TestCases.Login_DDT_003" name="verfiy_Login_DDT" time="6.449"/>
  <testcase classname="TestCases.Login_DDT_003" name="verfiy_Login_DDT" time="7.467"/>
  <testcase classname="TestCases.Login_DDT_003" name="verfiy_Login_DDT" time="6.654"/>
  <testcase classname="TestCases.Login_DDT_003" name="verfiy_Login_DDT" time="7.907"/>
  <testcase classname="TestCases.Login_DDT_003" name="verfiy_Login_DDT" time="6.44"/>
  <testcase classname="TestCases.Login_DDT_003" name="verfiy_Login_DDT" time="7.566"/>
  <testcase classname="TestCases.Login_DDT_003" name="verfiy_Login_DDT" time="7.676"/>
  <testcase classname="TestCases.SearchProduct_004" name="OrderOneProduct" time="17.829"/>
</testsuite> <!-- Test1 -->
