<?xml version="1.0" encoding="UTF-8"?>
<testng-results ignored="0" total="1" passed="1" failed="0" skipped="0">
  <reporter-output>
  </reporter-output>
  <suite started-at="2025-07-23T22:09:36 IST" name="Suite" finished-at="2025-07-23T22:10:13 IST" duration-ms="37831">
    <groups>
    </groups>
    <test started-at="2025-07-23T22:09:36 IST" name="Test1" finished-at="2025-07-23T22:10:13 IST" duration-ms="37831">
      <class name="TestCases.LoginTestCase__002">
        <test-method is-config="true" signature="setUp(java.lang.String,java.lang.String)[pri:0, instance:TestCases.LoginTestCase__002@2892d68]" started-at="2025-07-23T22:09:36 IST" name="setUp" finished-at="2025-07-23T22:09:49 IST" duration-ms="13600" status="PASS">
          <params>
            <param index="0">
              <value>
                <![CDATA[windows]]>
              </value>
            </param>
            <param index="1">
              <value>
                <![CDATA[chrome]]>
              </value>
            </param>
          </params>
          <reporter-output>
          </reporter-output>
        </test-method> <!-- setUp -->
        <test-method signature="LoginAccount()[pri:0, instance:TestCases.LoginTestCase__002@2892d68]" started-at="2025-07-23T22:09:49 IST" name="LoginAccount" finished-at="2025-07-23T22:10:13 IST" duration-ms="23820" status="PASS">
          <reporter-output>
          </reporter-output>
        </test-method> <!-- LoginAccount -->
        <test-method is-config="true" signature="tearDown()[pri:0, instance:TestCases.LoginTestCase__002@2892d68]" started-at="2025-07-23T22:10:13 IST" name="tearDown" finished-at="2025-07-23T22:10:13 IST" duration-ms="351" status="PASS">
          <reporter-output>
          </reporter-output>
        </test-method> <!-- tearDown -->
      </class> <!-- TestCases.LoginTestCase__002 -->
    </test> <!-- Test1 -->
  </suite> <!-- Suite -->
</testng-results>
