<?xml version="1.0" encoding="UTF-8"?>
<testsuite xmlns:xsi="http://www.w3.org/2001/XMLSchema-instance" xsi:noNamespaceSchemaLocation="https://maven.apache.org/surefire/maven-surefire-plugin/xsd/surefire-test-report.xsd" version="3.0.2" name="TestSuite" time="184.827" tests="17" errors="0" skipped="0" failures="0">
  <properties>
[...]
</properties>
  <testcase name="verify_accountRegistration" classname="TestCases.TestCase_001" time="14.185">
    <system-out><![CDATA[MxqWHljC
EgBctxFBK
uoWrDHSkH
]]></system-out>
    <system-err><![CDATA[SLF4J(W): No SLF4J providers were found.
SLF4J(W): Defaulting to no-operation (NOP) logger implementation
SLF4J(W): See https://www.slf4j.org/codes.html#noProviders for further details.
Jul 13, 2025 2:54:00 AM org.openqa.selenium.remote.tracing.opentelemetry.OpenTelemetryTracer createTracer
INFO: Using OpenTelemetry for tracing
]]></system-err>
  </testcase>
  <testcase name="LoginAccount" classname="TestCases.LoginTestCase__002" time="9.294"/>
  <testcase name="verfiy_Login_DDT[HSsFMIJAl@gmail.com, SoxLphmvu, valid](1)" classname="TestCases.Login_DDT_003" time="10.806">
    <system-out><![CDATA[HSsFMIJAl@gmail.com | SoxLphmvu | valid
]]></system-out>
  </testcase>
  <testcase name="verfiy_Login_DDT[ldaBiAWBb@gmail.com, KAurNrPsf, valid](2)" classname="TestCases.Login_DDT_003" time="8.086">
    <system-out><![CDATA[ldaBiAWBb@gmail.com | KAurNrPsf | valid
]]></system-out>
  </testcase>
  <testcase name="verfiy_Login_DDT[XjlXYesSV@gmail.com, ycSvUjyUs, valid](3)" classname="TestCases.Login_DDT_003" time="6.645">
    <system-out><![CDATA[XjlXYesSV@gmail.com | ycSvUjyUs | valid
]]></system-out>
  </testcase>
  <testcase name="verfiy_Login_DDT[hEgoNegiD@gmail.com, lZcpNpCIg, valid](4)" classname="TestCases.Login_DDT_003" time="7.923">
    <system-out><![CDATA[hEgoNegiD@gmail.com | lZcpNpCIg | valid
]]></system-out>
  </testcase>
  <testcase name="verfiy_Login_DDT[Rnlvncwbf@gmail.com, xeBbbgpve, valid](5)" classname="TestCases.Login_DDT_003" time="6.008">
    <system-out><![CDATA[Rnlvncwbf@gmail.com | xeBbbgpve | valid
]]></system-out>
  </testcase>
  <testcase name="verfiy_Login_DDT[oXvtKPMDZ@gmail.com, xUrYEPLla, valid](6)" classname="TestCases.Login_DDT_003" time="7.547">
    <system-out><![CDATA[oXvtKPMDZ@gmail.com | xUrYEPLla | valid
]]></system-out>
  </testcase>
  <testcase name="verfiy_Login_DDT[TsHiGSYBb@gmail.com, BbJyIpRjR, valid](7)" classname="TestCases.Login_DDT_003" time="6.587">
    <system-out><![CDATA[TsHiGSYBb@gmail.com | BbJyIpRjR | valid
]]></system-out>
  </testcase>
  <testcase name="verfiy_Login_DDT[IrMiDHims@gmail.com, jGWNmKFOK, valid](8)" classname="TestCases.Login_DDT_003" time="6.451">
    <system-out><![CDATA[IrMiDHims@gmail.com | jGWNmKFOK | valid
]]></system-out>
  </testcase>
  <testcase name="verfiy_Login_DDT[QsqgiJrxA@gmail.com, ZLVvhZUga, valid](9)" classname="TestCases.Login_DDT_003" time="7.468">
    <system-out><![CDATA[QsqgiJrxA@gmail.com | ZLVvhZUga | valid
]]></system-out>
  </testcase>
  <testcase name="verfiy_Login_DDT[JmoGxGMNp@gmail.com, bZeVpfrWm, valid](10)" classname="TestCases.Login_DDT_003" time="6.653">
    <system-out><![CDATA[JmoGxGMNp@gmail.com | bZeVpfrWm | valid
]]></system-out>
  </testcase>
  <testcase name="verfiy_Login_DDT[njEymxQfR@gmail.com, ewJrlQlnv, valid](11)" classname="TestCases.Login_DDT_003" time="7.907">
    <system-out><![CDATA[njEymxQfR@gmail.com | ewJrlQlnv | valid
]]></system-out>
  </testcase>
  <testcase name="verfiy_Login_DDT[ecwnbKXDl@gmail.com, EMFFKyxzC, valid](12)" classname="TestCases.Login_DDT_003" time="6.44">
    <system-out><![CDATA[ecwnbKXDl@gmail.com | EMFFKyxzC | valid
]]></system-out>
  </testcase>
  <testcase name="verfiy_Login_DDT[wnoxPWzHv@gmail.com, oukwhSTuu, valid](13)" classname="TestCases.Login_DDT_003" time="7.568">
    <system-out><![CDATA[wnoxPWzHv@gmail.com | oukwhSTuu | valid
]]></system-out>
  </testcase>
  <testcase name="verfiy_Login_DDT[sLCqIJzyf@gmail.com, bWkTPVMwI, valid](14)" classname="TestCases.Login_DDT_003" time="7.674">
    <system-out><![CDATA[sLCqIJzyf@gmail.com | bWkTPVMwI | valid
]]></system-out>
  </testcase>
  <testcase name="OrderOneProduct" classname="TestCases.SearchProduct_004" time="17.829"/>
</testsuite>